<?xml version="1.0" encoding="UTF-8"?>
<testng-results skipped="0" failed="0" ignored="0" total="4" passed="4">
  <reporter-output>
  </reporter-output>
  <suite name="Suite" duration-ms="46826" started-at="2021-10-19T13:57:46Z" finished-at="2021-10-19T13:58:33Z">
    <groups>
    </groups>
    <test name="TestChrome" duration-ms="42767" started-at="2021-10-19T13:57:46Z" finished-at="2021-10-19T13:58:29Z">
      <class name="script.InvalidLogin">
        <test-method status="PASS" signature="openApp(java.lang.String, java.lang.String)[pri:0, instance:script.InvalidLogin@3a5ed7a6]" name="openApp" is-config="true" duration-ms="21731" started-at="2021-10-19T13:58:03Z" finished-at="2021-10-19T13:58:25Z">
          <params>
            <param index="0">
              <value>
                <![CDATA[https://oauth-ashokvemula001-dafbd:770613e2-83d3-4b6b-b2dd-056abf196b63@ondemand.eu-central-1.saucelabs.com:443/wd/hub]]>
              </value>
            </param>
            <param index="1">
              <value>
                <![CDATA[chrome]]>
              </value>
            </param>
          </params>
          <reporter-output>
          </reporter-output>
        </test-method> <!-- openApp -->
        <test-method status="PASS" signature="testInvalidLogin()[pri:2, instance:script.InvalidLogin@3a5ed7a6]" name="testInvalidLogin" duration-ms="3079" started-at="2021-10-19T13:58:25Z" finished-at="2021-10-19T13:58:28Z">
          <reporter-output>
          </reporter-output>
        </test-method> <!-- testInvalidLogin -->
        <test-method status="PASS" signature="closeApp()[pri:0, instance:script.InvalidLogin@3a5ed7a6]" name="closeApp" is-config="true" duration-ms="322" started-at="2021-10-19T13:58:28Z" finished-at="2021-10-19T13:58:29Z">
          <reporter-output>
          </reporter-output>
        </test-method> <!-- closeApp -->
      </class> <!-- script.InvalidLogin -->
      <class name="script.ValidLogin">
        <test-method status="PASS" signature="openApp(java.lang.String, java.lang.String)[pri:0, instance:script.ValidLogin@6325a3ee]" name="openApp" is-config="true" duration-ms="9813" started-at="2021-10-19T13:57:46Z" finished-at="2021-10-19T13:57:56Z">
          <params>
            <param index="0">
              <value>
                <![CDATA[https://oauth-ashokvemula001-dafbd:770613e2-83d3-4b6b-b2dd-056abf196b63@ondemand.eu-central-1.saucelabs.com:443/wd/hub]]>
              </value>
            </param>
            <param index="1">
              <value>
                <![CDATA[chrome]]>
              </value>
            </param>
          </params>
          <reporter-output>
          </reporter-output>
        </test-method> <!-- openApp -->
        <test-method status="PASS" signature="testValidLogin()[pri:1, instance:script.ValidLogin@6325a3ee]" name="testValidLogin" duration-ms="7124" started-at="2021-10-19T13:57:56Z" finished-at="2021-10-19T13:58:03Z">
          <reporter-output>
          </reporter-output>
        </test-method> <!-- testValidLogin -->
        <test-method status="PASS" signature="closeApp()[pri:0, instance:script.ValidLogin@6325a3ee]" name="closeApp" is-config="true" duration-ms="623" started-at="2021-10-19T13:58:03Z" finished-at="2021-10-19T13:58:03Z">
          <reporter-output>
          </reporter-output>
        </test-method> <!-- closeApp -->
      </class> <!-- script.ValidLogin -->
    </test> <!-- TestChrome -->
    <test name="TestFirefox" duration-ms="46826" started-at="2021-10-19T13:57:46Z" finished-at="2021-10-19T13:58:33Z">
      <class name="script.InvalidLogin">
        <test-method status="PASS" signature="openApp(java.lang.String, java.lang.String)[pri:0, instance:script.InvalidLogin@79be0360]" name="openApp" is-config="true" duration-ms="17278" started-at="2021-10-19T13:58:10Z" finished-at="2021-10-19T13:58:28Z">
          <params>
            <param index="0">
              <value>
                <![CDATA[https://oauth-ashokvemula001-dafbd:770613e2-83d3-4b6b-b2dd-056abf196b63@ondemand.eu-central-1.saucelabs.com:443/wd/hub]]>
              </value>
            </param>
            <param index="1">
              <value>
                <![CDATA[firefox]]>
              </value>
            </param>
          </params>
          <reporter-output>
          </reporter-output>
        </test-method> <!-- openApp -->
        <test-method status="PASS" signature="testInvalidLogin()[pri:2, instance:script.InvalidLogin@79be0360]" name="testInvalidLogin" duration-ms="4664" started-at="2021-10-19T13:58:28Z" finished-at="2021-10-19T13:58:32Z">
          <reporter-output>
          </reporter-output>
        </test-method> <!-- testInvalidLogin -->
        <test-method status="PASS" signature="closeApp()[pri:0, instance:script.InvalidLogin@79be0360]" name="closeApp" is-config="true" duration-ms="353" started-at="2021-10-19T13:58:32Z" finished-at="2021-10-19T13:58:33Z">
          <reporter-output>
          </reporter-output>
        </test-method> <!-- closeApp -->
      </class> <!-- script.InvalidLogin -->
      <class name="script.ValidLogin">
        <test-method status="PASS" signature="openApp(java.lang.String, java.lang.String)[pri:0, instance:script.ValidLogin@22a67b4]" name="openApp" is-config="true" duration-ms="18143" started-at="2021-10-19T13:57:46Z" finished-at="2021-10-19T13:58:04Z">
          <params>
            <param index="0">
              <value>
                <![CDATA[https://oauth-ashokvemula001-dafbd:770613e2-83d3-4b6b-b2dd-056abf196b63@ondemand.eu-central-1.saucelabs.com:443/wd/hub]]>
              </value>
            </param>
            <param index="1">
              <value>
                <![CDATA[firefox]]>
              </value>
            </param>
          </params>
          <reporter-output>
          </reporter-output>
        </test-method> <!-- openApp -->
        <test-method status="PASS" signature="testValidLogin()[pri:1, instance:script.ValidLogin@22a67b4]" name="testValidLogin" duration-ms="5889" started-at="2021-10-19T13:58:04Z" finished-at="2021-10-19T13:58:10Z">
          <reporter-output>
          </reporter-output>
        </test-method> <!-- testValidLogin -->
        <test-method status="PASS" signature="closeApp()[pri:0, instance:script.ValidLogin@22a67b4]" name="closeApp" is-config="true" duration-ms="441" started-at="2021-10-19T13:58:10Z" finished-at="2021-10-19T13:58:10Z">
          <reporter-output>
          </reporter-output>
        </test-method> <!-- closeApp -->
      </class> <!-- script.ValidLogin -->
    </test> <!-- TestFirefox -->
  </suite> <!-- Suite -->
</testng-results>
